#
# There is insufficient memory for the Java Runtime Environment to continue.
# Native memory allocation (malloc) failed to allocate 1048576 bytes for AllocateHeap
# Possible reasons:
#   The system is out of physical RAM or swap space
#   The process is running with CompressedOops enabled, and the Java Heap may be blocking the growth of the native heap
# Possible solutions:
#   Reduce memory load on the system
#   Increase physical memory or swap space
#   Check if swap backing store is full
#   Decrease Java heap size (-Xmx/-Xms)
#   Decrease number of Java threads
#   Decrease Java thread stack sizes (-Xss)
#   Set larger code cache with -XX:ReservedCodeCacheSize=
#   JVM is running with Zero Based Compressed Oops mode in which the Java heap is
#     placed in the first 32GB address space. The Java Heap base address is the
#     maximum limit for the native heap growth. Please use -XX:HeapBaseMinAddress
#     to set the Java Heap base and to place the Java Heap above 32GB virtual address.
# This output file may be truncated or incomplete.
#
#  Out of Memory Error (allocation.cpp:44), pid=25308, tid=36564
#
# JRE version:  (17.0.9+7) (build )
# Java VM: OpenJDK 64-Bit Server VM (17.0.9+7-b1087.9, mixed mode, sharing, tiered, compressed oops, compressed class ptrs, g1 gc, windows-amd64)
# No core dump will be written. Minidumps are not enabled by default on client versions of Windows
#

---------------  S U M M A R Y ------------

Command Line: git4idea.http.GitAskPassApp Username for 'https://github.com': 

Host: AMD Ryzen 9 7945HX with Radeon Graphics        , 32 cores, 15G,  Windows 11 , 64 bit Build 22621 (10.0.22621.3672)
Time: Tue Jun  4 00:47:57 2024  Windows 11 , 64 bit Build 22621 (10.0.22621.3672) elapsed time: 0.015275 seconds (0d 0h 0m 0s)

---------------  T H R E A D  ---------------

Current thread (0x00000169e517e640):  JavaThread "Unknown thread" [_thread_in_vm, id=36564, stack(0x00000031d1a00000,0x00000031d1b00000)]

Stack: [0x00000031d1a00000,0x00000031d1b00000]
Native frames: (J=compiled Java code, j=interpreted, Vv=VM code, C=native code)
V  [jvm.dll+0x688349]
V  [jvm.dll+0x841bfa]
V  [jvm.dll+0x84383e]
V  [jvm.dll+0x843ea3]
V  [jvm.dll+0x24bdef]
V  [jvm.dll+0xa6b5b]
V  [jvm.dll+0x2ebc77]
V  [jvm.dll+0x2e390b]
V  [jvm.dll+0x812771]
V  [jvm.dll+0x371d41]
V  [jvm.dll+0x7f12bc]
V  [jvm.dll+0x3f59cf]
V  [jvm.dll+0x3f7601]
C  [jli.dll+0x528f]
C  [ucrtbase.dll+0x29333]
C  [KERNEL32.DLL+0x1257d]
C  [ntdll.dll+0x5aa48]


---------------  P R O C E S S  ---------------

Threads class SMR info:
_java_thread_list=0x00007ffd5441df18, length=0, elements={
}

Java Threads: ( => current thread )

Other Threads:
  0x00000169e51ecfb0 GCTaskThread "GC Thread#0" [stack: 0x00000031d1b00000,0x00000031d1c00000] [id=54156]

[error occurred during error reporting (printing all threads), id 0xc0000005, EXCEPTION_ACCESS_VIOLATION (0xc0000005) at pc=0x00007ffd53bd0bc0]

VM state: not at safepoint (not fully initialized)

VM Mutex/Monitor currently owned by a thread:  ([mutex/lock_event])
[0x00000169e51793f0] Heap_lock - owner thread: 0x00000169e517e640

Heap address: 0x0000000704e00000, size: 4018 MB, Compressed Oops mode: Zero based, Oop shift amount: 3

CDS archive(s) mapped at: [0x0000000000000000-0x0000000000000000-0x0000000000000000), size 0, SharedBaseAddress: 0x0000000800000000, ArchiveRelocationMode: 1.
Narrow klass base: 0x0000000000000000, Narrow klass shift: 0, Narrow klass range: 0x0

GC Precious Log:
<Empty>

Heap:
 garbage-first heap   total 0K, used 0K [0x0000000704e00000, 0x0000000800000000)
  region size 2048K, 0 young (0K), 0 survivors (0K)
 Metaspace       used 0K, committed 0K, reserved 0K
  class space    used 0K, committed 0K, reserved 0K

Heap Regions: E=young(eden), S=young(survivor), O=old, HS=humongous(starts), HC=humongous(continues), CS=collection set, F=free, OA=open archive, CA=closed archive, TAMS=top-at-mark-start (previous, next)

Card table byte_map: [0x00000169f9400000,0x00000169f9be0000] _byte_map_base: 0x00000169f5bd9000

GC Heap History (0 events):
No events

Dll operation events (1 events):
Event: 0.010 Loaded shared library D:\Program Files\JetBrains\IntelliJ IDEA 2023.2.5\jbr\bin\java.dll

Deoptimization events (0 events):
No events

Classes unloaded (0 events):
No events

Classes redefined (0 events):
No events

Internal exceptions (0 events):
No events

VM Operations (0 events):
No events

Events (0 events):
No events


Dynamic libraries:
0x00007ff646a10000 - 0x00007ff646a1a000 	D:\Program Files\JetBrains\IntelliJ IDEA 2023.2.5\jbr\bin\java.exe
0x00007ffe072f0000 - 0x00007ffe07507000 	C:\Windows\SYSTEM32\ntdll.dll
0x00007ffe061a0000 - 0x00007ffe06264000 	C:\Windows\System32\KERNEL32.DLL
0x00007ffe04bb0000 - 0x00007ffe04f5c000 	C:\Windows\System32\KERNELBASE.dll
0x00007ffe04970000 - 0x00007ffe04a81000 	C:\Windows\System32\ucrtbase.dll
0x00007ffddd4e0000 - 0x00007ffddd4f7000 	D:\Program Files\JetBrains\IntelliJ IDEA 2023.2.5\jbr\bin\jli.dll
0x00007ffdd9d60000 - 0x00007ffdd9d7b000 	D:\Program Files\JetBrains\IntelliJ IDEA 2023.2.5\jbr\bin\VCRUNTIME140.dll
0x00007ffe06f40000 - 0x00007ffe070ee000 	C:\Windows\System32\USER32.dll
0x00007ffe04850000 - 0x00007ffe04876000 	C:\Windows\System32\win32u.dll
0x00007ffe070f0000 - 0x00007ffe07119000 	C:\Windows\System32\GDI32.dll
0x00007ffe04a90000 - 0x00007ffe04ba9000 	C:\Windows\System32\gdi32full.dll
0x00007ffe04f90000 - 0x00007ffe0502a000 	C:\Windows\System32\msvcp_win.dll
0x00007ffdea730000 - 0x00007ffdea9c3000 	C:\Windows\WinSxS\amd64_microsoft.windows.common-controls_6595b64144ccf1df_6.0.22621.3672_none_2713b9d173822955\COMCTL32.dll
0x00007ffe05370000 - 0x00007ffe05417000 	C:\Windows\System32\msvcrt.dll
0x00007ffe06610000 - 0x00007ffe06641000 	C:\Windows\System32\IMM32.DLL
0x00007ffde3340000 - 0x00007ffde334c000 	D:\Program Files\JetBrains\IntelliJ IDEA 2023.2.5\jbr\bin\vcruntime140_1.dll
0x00007ffdd1250000 - 0x00007ffdd12dd000 	D:\Program Files\JetBrains\IntelliJ IDEA 2023.2.5\jbr\bin\msvcp140.dll
0x00007ffd538e0000 - 0x00007ffd54562000 	D:\Program Files\JetBrains\IntelliJ IDEA 2023.2.5\jbr\bin\server\jvm.dll
0x00007ffe052b0000 - 0x00007ffe05362000 	C:\Windows\System32\ADVAPI32.dll
0x00007ffe07200000 - 0x00007ffe072a8000 	C:\Windows\System32\sechost.dll
0x00007ffe04f60000 - 0x00007ffe04f88000 	C:\Windows\System32\bcrypt.dll
0x00007ffe05190000 - 0x00007ffe052a5000 	C:\Windows\System32\RPCRT4.dll
0x00007ffdff810000 - 0x00007ffdff819000 	C:\Windows\SYSTEM32\WSOCK32.dll
0x00007ffe03470000 - 0x00007ffe034bd000 	C:\Windows\SYSTEM32\POWRPROF.dll
0x00007ffdfc5a0000 - 0x00007ffdfc5aa000 	C:\Windows\SYSTEM32\VERSION.dll
0x00007ffe057b0000 - 0x00007ffe05821000 	C:\Windows\System32\WS2_32.dll
0x00007ffdfccd0000 - 0x00007ffdfcd04000 	C:\Windows\SYSTEM32\WINMM.dll
0x00007ffe03450000 - 0x00007ffe03463000 	C:\Windows\SYSTEM32\UMPDC.dll
0x00007ffe03700000 - 0x00007ffe03718000 	C:\Windows\SYSTEM32\kernel.appcore.dll
0x00007ffde5f50000 - 0x00007ffde5f5a000 	D:\Program Files\JetBrains\IntelliJ IDEA 2023.2.5\jbr\bin\jimage.dll
0x00007ffe01b10000 - 0x00007ffe01d42000 	C:\Windows\SYSTEM32\DBGHELP.DLL
0x00007ffe05d50000 - 0x00007ffe060d8000 	C:\Windows\System32\combase.dll
0x00007ffe06370000 - 0x00007ffe06447000 	C:\Windows\System32\OLEAUT32.dll
0x00007ffde4850000 - 0x00007ffde4882000 	C:\Windows\SYSTEM32\dbgcore.DLL
0x00007ffe048f0000 - 0x00007ffe0496b000 	C:\Windows\System32\bcryptPrimitives.dll
0x00007ffddd5c0000 - 0x00007ffddd5e5000 	D:\Program Files\JetBrains\IntelliJ IDEA 2023.2.5\jbr\bin\java.dll

dbghelp: loaded successfully - version: 4.0.5 - missing functions: none
symbol engine: initialized successfully - sym options: 0x614 - pdb path: .;D:\Program Files\JetBrains\IntelliJ IDEA 2023.2.5\jbr\bin;C:\Windows\SYSTEM32;C:\Windows\WinSxS\amd64_microsoft.windows.common-controls_6595b64144ccf1df_6.0.22621.3672_none_2713b9d173822955;D:\Program Files\JetBrains\IntelliJ IDEA 2023.2.5\jbr\bin\server

VM Arguments:
java_command: git4idea.http.GitAskPassApp Username for 'https://github.com': 
java_class_path (initial): D:/Program Files/JetBrains/IntelliJ IDEA 2023.2.5/plugins/vcs-git/lib/git4idea-rt.jar;D:/Program Files/JetBrains/IntelliJ IDEA 2023.2.5/lib/externalProcess-rt.jar
Launcher Type: SUN_STANDARD

[Global flags]
     intx CICompilerCount                          = 15                                        {product} {ergonomic}
     uint ConcGCThreads                            = 6                                         {product} {ergonomic}
     uint G1ConcRefinementThreads                  = 23                                        {product} {ergonomic}
   size_t G1HeapRegionSize                         = 2097152                                   {product} {ergonomic}
    uintx GCDrainStackTargetSize                   = 64                                        {product} {ergonomic}
   size_t InitialHeapSize                          = 264241152                                 {product} {ergonomic}
   size_t MarkStackSize                            = 4194304                                   {product} {ergonomic}
   size_t MaxHeapSize                              = 4213178368                                {product} {ergonomic}
   size_t MinHeapDeltaBytes                        = 2097152                                   {product} {ergonomic}
   size_t MinHeapSize                              = 8388608                                   {product} {ergonomic}
    uintx NonNMethodCodeHeapSize                   = 8192380                                {pd product} {ergonomic}
    uintx NonProfiledCodeHeapSize                  = 121732930                              {pd product} {ergonomic}
    uintx ProfiledCodeHeapSize                     = 121732930                              {pd product} {ergonomic}
    uintx ReservedCodeCacheSize                    = 251658240                              {pd product} {ergonomic}
     bool SegmentedCodeCache                       = true                                      {product} {ergonomic}
   size_t SoftMaxHeapSize                          = 4213178368                             {manageable} {ergonomic}
     bool UseCompressedClassPointers               = true                           {product lp64_product} {ergonomic}
     bool UseCompressedOops                        = true                           {product lp64_product} {ergonomic}
     bool UseG1GC                                  = true                                      {product} {ergonomic}
     bool UseLargePagesIndividualAllocation        = false                                  {pd product} {ergonomic}

Logging:
Log output configuration:
 #0: stdout all=warning uptime,level,tags
 #1: stderr all=off uptime,level,tags

Environment Variables:
JAVA_HOME=C:\Users\HE\.jdks\openjdk-21.0.1
PATH=D:\Program Files\Git\mingw64\libexec\git-core;D:\Program Files\Git\mingw64\libexec\git-core;D:\Program Files\Git\mingw64\bin;D:\Program Files\Git\usr\bin;C:\Users\HE\bin;C:\Users\HE\.jdks\openjdk-21.0.1\bin;C:\Program Files (x86)\Common Files\Oracle\Java\java8path;C:\Program Files (x86)\Common Files\Oracle\Java\javapath;C:\Windows\system32;C:\Windows;C:\Windows\System32\Wbem;C:\Windows\System32\WindowsPowerShell\v1.0;C:\Windows\System32\OpenSSH;C:\Program Files (x86)\NVIDIA Corporation\PhysX\Common;C:\Program Files\NVIDIA Corporation\NVIDIA NvDLISR;D:\Program Files\MATLAB\R2023a\runtime\win64;D:\Program Files\MATLAB\R2023a\bin;C:\Program Files\MySQL\MySQL Server 8.2\bin;C:\Program Files\MySQL\MySQL Server 8.2\lib;D:\DEV\apache-maven-3.9.5\bin;C:\Program Files\Microsoft VS Code\bin;D:\Users\HE\AppData\Roaming\nvm;C:\Program Files\nodejs;D:\Program Files\Git\cmd;C:\ProgramData\chocolatey\bin;C:\Program Files\VideoLAN\VLC;C:\Users\HE\AppData\Local\Programs\Python\Python311\Scripts;C:\Users\HE\AppData\Local\Programs\Python\Python311;C:\Users\HE\AppData\Local\Microsoft\WindowsApps;D:\Program Files\JetBrains\IntelliJ IDEA 2023.2.5\bin;D:\Users\HE\AppData\Local\Programs\Microsoft VS Code\bin;D:\Users\HE\AppData\Roaming\nvm;C:\Program Files\nodejs
USERNAME=HE
DISPLAY=:0.0
LC_ALL=en_US.UTF-8
TERM=xterm-256color
TMPDIR=C:\Users\HE\AppData\Local\Temp
OS=Windows_NT
PROCESSOR_IDENTIFIER=AMD64 Family 25 Model 97 Stepping 2, AuthenticAMD
TMP=C:\Users\HE\AppData\Local\Temp
TEMP=C:\Users\HE\AppData\Local\Temp



Periodic native trim disabled

JNI global refs:
JNI global refs: 0, weak refs: 0

JNI global refs memory usage: 0, weak refs: 0

OOME stack traces (most recent first):
Classloader memory used:


---------------  S Y S T E M  ---------------

OS:
 Windows 11 , 64 bit Build 22621 (10.0.22621.3672)
OS uptime: 1 days 14:00 hours
Hyper-V role detected

CPU: total 32 (initial active 32) (32 cores per cpu, 2 threads per core) family 25 model 97 stepping 2 microcode 0x0, cx8, cmov, fxsr, ht, mmx, 3dnowpref, sse, sse2, sse3, ssse3, sse4a, sse4.1, sse4.2, popcnt, lzcnt, tsc, tscinvbit, avx, avx2, aes, erms, clmul, bmi1, bmi2, adx, avx512f, avx512dq, avx512cd, avx512bw, avx512vl, sha, fma, vzeroupper, avx512_vpopcntdq, avx512_vpclmulqdq, avx512_vaes, avx512_vnni, clflush, clflushopt, avx512_vbmi2, avx512_vbmi, hv
Processor Information for processor 0
  Max Mhz: 2501, Current Mhz: 2501, Mhz Limit: 2501
Processor Information for processor 1
  Max Mhz: 2501, Current Mhz: 2007, Mhz Limit: 2501
Processor Information for processor 2
  Max Mhz: 2501, Current Mhz: 2007, Mhz Limit: 2501
Processor Information for processor 3
  Max Mhz: 2501, Current Mhz: 2007, Mhz Limit: 2501
Processor Information for processor 4
  Max Mhz: 2501, Current Mhz: 2007, Mhz Limit: 2501
Processor Information for processor 5
  Max Mhz: 2501, Current Mhz: 2007, Mhz Limit: 2501
Processor Information for processor 6
  Max Mhz: 2501, Current Mhz: 2007, Mhz Limit: 2501
Processor Information for processor 7
  Max Mhz: 2501, Current Mhz: 2007, Mhz Limit: 2501
Processor Information for processor 8
  Max Mhz: 2501, Current Mhz: 2501, Mhz Limit: 2501
Processor Information for processor 9
  Max Mhz: 2501, Current Mhz: 2007, Mhz Limit: 2501
Processor Information for processor 10
  Max Mhz: 2501, Current Mhz: 2007, Mhz Limit: 2501
Processor Information for processor 11
  Max Mhz: 2501, Current Mhz: 2007, Mhz Limit: 2501
Processor Information for processor 12
  Max Mhz: 2501, Current Mhz: 2007, Mhz Limit: 2501
Processor Information for processor 13
  Max Mhz: 2501, Current Mhz: 2007, Mhz Limit: 2501
Processor Information for processor 14
  Max Mhz: 2501, Current Mhz: 2007, Mhz Limit: 2501
Processor Information for processor 15
  Max Mhz: 2501, Current Mhz: 2007, Mhz Limit: 2501
Processor Information for processor 16
  Max Mhz: 2501, Current Mhz: 2007, Mhz Limit: 2501
Processor Information for processor 17
  Max Mhz: 2501, Current Mhz: 2007, Mhz Limit: 2501
Processor Information for processor 18
  Max Mhz: 2501, Current Mhz: 2501, Mhz Limit: 2501
Processor Information for processor 19
  Max Mhz: 2501, Current Mhz: 2007, Mhz Limit: 2501
Processor Information for processor 20
  Max Mhz: 2501, Current Mhz: 2501, Mhz Limit: 2501
Processor Information for processor 21
  Max Mhz: 2501, Current Mhz: 2501, Mhz Limit: 2501
Processor Information for processor 22
  Max Mhz: 2501, Current Mhz: 2007, Mhz Limit: 2501
Processor Information for processor 23
  Max Mhz: 2501, Current Mhz: 2007, Mhz Limit: 2501
Processor Information for processor 24
  Max Mhz: 2501, Current Mhz: 2007, Mhz Limit: 2501
Processor Information for processor 25
  Max Mhz: 2501, Current Mhz: 2007, Mhz Limit: 2501
Processor Information for processor 26
  Max Mhz: 2501, Current Mhz: 2007, Mhz Limit: 2501
Processor Information for processor 27
  Max Mhz: 2501, Current Mhz: 2007, Mhz Limit: 2501
Processor Information for processor 28
  Max Mhz: 2501, Current Mhz: 2501, Mhz Limit: 2501
Processor Information for processor 29
  Max Mhz: 2501, Current Mhz: 2501, Mhz Limit: 2501
Processor Information for processor 30
  Max Mhz: 2501, Current Mhz: 2007, Mhz Limit: 2501
Processor Information for processor 31
  Max Mhz: 2501, Current Mhz: 2007, Mhz Limit: 2501

Memory: 4k page, system-wide physical 16064M (534M free)
TotalPageFile size 41664M (AvailPageFile size 6M)
current process WorkingSet (physical memory assigned to process): 12M, peak: 12M
current process commit charge ("private bytes"): 75M, peak: 76M

vm_info: OpenJDK 64-Bit Server VM (17.0.9+7-b1087.9) for windows-amd64 JRE (17.0.9+7-b1087.9), built on 2023-12-05 by "builduser" with MS VC++ 16.10 / 16.11 (VS2019)

END.
